<?xml version="1.0" encoding="UTF-8"?>
<!-- Generated by org.testng.reporters.JUnitReportReporter -->
<testsuite hostname="LAPTOP-69KE4GU1" failures="0" tests="1" name="TestScripts.com_Brevistay_Login_01" time="46.623" errors="0" timestamp="2024-05-11T11:14:21 IST" skipped="0">
  <testcase classname="TestScripts.com_Brevistay_Login_01" name="LoginApplication" time="46.623"/>
  <system-out/>
</testsuite> <!-- TestScripts.com_Brevistay_Login_01 -->
